02/11/2022 02:13:47 AM - TestCommons - INFO: inside test1
02/11/2022 02:14:53 AM - customLogger - INFO: inside test1
02/11/2022 02:18:03 AM - TestCommons - DEBUG: inside test1
02/11/2022 02:55:57 AM - TestCommons - DEBUG: inside test1
02/11/2022 02:56:05 AM - TestCommons - DEBUG: inside test1
02/11/2022 11:35:07 AM - HomePage - INFO: Entered product in search
02/11/2022 11:35:56 AM - HomePage - INFO: Entered product in search
02/11/2022 11:35:58 AM - HomePage - INFO: Clicked on search
02/11/2022 11:39:35 AM - HomePage - INFO: Entered product in search
02/11/2022 11:39:38 AM - HomePage - INFO: Clicked on search
02/11/2022 01:09:59 PM - HomePage - INFO: Entered product in search
02/11/2022 01:10:01 PM - HomePage - INFO: Clicked on search
02/11/2022 01:14:42 PM - HomePage - INFO: Entered product in search
02/11/2022 01:14:45 PM - HomePage - INFO: Clicked on search
02/11/2022 01:17:11 PM - HomePage - INFO: Entered product in search
02/11/2022 01:17:13 PM - HomePage - INFO: Clicked on search
02/11/2022 01:29:46 PM - HomePage - INFO: Entered product in search
02/11/2022 01:29:48 PM - HomePage - INFO: Clicked on search
02/11/2022 04:36:10 PM - HomePage - INFO: Entered product in search
02/11/2022 04:36:12 PM - HomePage - INFO: Clicked on search
02/11/2022 04:48:49 PM - HomePage - INFO: Entered product in search
02/11/2022 04:48:51 PM - HomePage - INFO: Clicked on search
02/11/2022 04:49:39 PM - HomePage - INFO: Entered product in search
02/11/2022 04:49:40 PM - HomePage - INFO: Clicked on search
02/16/2022 11:40:16 PM - HomePage - INFO: Entered product in search
02/16/2022 11:40:18 PM - HomePage - INFO: Clicked on search
02/16/2022 11:48:28 PM - HomePage - INFO: Entered product in search
02/16/2022 11:48:31 PM - HomePage - INFO: Clicked on search
02/17/2022 12:00:21 AM - HomePage - INFO: Entered product in search
02/17/2022 12:00:23 AM - HomePage - INFO: Clicked on search
02/17/2022 12:15:49 AM - TestCommons - DEBUG: inside test1
02/17/2022 12:21:52 AM - TestCommons - DEBUG: inside test1
02/17/2022 12:26:54 AM - TestCommons - DEBUG: inside test1
02/17/2022 12:28:58 AM - TestCommons - DEBUG: inside test1
02/17/2022 12:34:23 AM - TestCommons - DEBUG: inside test1
02/17/2022 12:40:38 AM - TestCommons - DEBUG: inside test1
02/17/2022 12:58:08 AM - TestCommons - DEBUG: inside test1
02/17/2022 01:00:53 AM - TestCommons - DEBUG: inside test1
02/17/2022 01:04:12 AM - TestCommons - DEBUG: inside test1
02/17/2022 01:11:25 AM - TestCommons - DEBUG: inside test1
02/17/2022 01:14:21 AM - TestCommons - DEBUG: inside test1
02/17/2022 01:22:05 AM - TestCommons - DEBUG: inside test1
02/19/2022 12:38:08 PM - TestCommons - DEBUG: inside test1
02/19/2022 12:39:22 PM - TestCommons - DEBUG: inside test1
